# JRE version: OpenJDK Runtime Environment (17.0.6) (build 17.0.6+0-b2043.56-10027231)
# Java VM: OpenJDK 64-Bit Server VM (17.0.6+0-b2043.56-10027231, mixed mode, tiered, compressed oops, compressed class ptrs, g1 gc, windows-amd64)
GC Precious Log:
 CPUs: 12 total, 12 available
 Memory: 16085M
 Large Page Support: Disabled
 NUMA Support: Disabled
 Compressed Oops: Enabled (Zero based)
 Heap Region Size: 4M
 Heap Min Capacity: 8M
 Heap Initial Capacity: 252M
 Heap Max Capacity: 4608M
 Pre-touch: Disabled
 Parallel Workers: 10
 Concurrent Workers: 3
 Concurrent Refinement Workers: 10
 Periodic GC: Disabled
Heap:
 garbage-first heap   total 204800K, used 198898K [0x00000006e0000000, 0x0000000800000000)
  region size 4096K, 2 young (8192K), 1 survivors (4096K)
 Metaspace       used 92289K, committed 92928K, reserved 1130496K
  class space    used 12628K, committed 12928K, reserved 1048576K
GC Heap History (20 events):
Event: 9.396 GC heap before
{Heap before GC invocations=29 (full 0):
 garbage-first heap   total 131072K, used 95159K [0x00000006e0000000, 0x0000000800000000)
  region size 4096K, 7 young (28672K), 1 survivors (4096K)
 Metaspace       used 78055K, committed 78592K, reserved 1122304K
  class space    used 10574K, committed 10816K, reserved 1048576K
}
Event: 9.399 GC heap after
{Heap after GC invocations=30 (full 0):
 garbage-first heap   total 131072K, used 72025K [0x00000006e0000000, 0x0000000800000000)
  region size 4096K, 1 young (4096K), 1 survivors (4096K)
 Metaspace       used 78055K, committed 78592K, reserved 1122304K
  class space    used 10574K, committed 10816K, reserved 1048576K
}
Event: 9.917 GC heap before
{Heap before GC invocations=30 (full 0):
 garbage-first heap   total 131072K, used 100697K [0x00000006e0000000, 0x0000000800000000)
  region size 4096K, 8 young (32768K), 1 survivors (4096K)
 Metaspace       used 80507K, committed 81024K, reserved 1122304K
  class space    used 10911K, committed 11136K, reserved 1048576K
}
Event: 9.921 GC heap after
{Heap after GC invocations=31 (full 0):
 garbage-first heap   total 131072K, used 74491K [0x00000006e0000000, 0x0000000800000000)
  region size 4096K, 1 young (4096K), 1 survivors (4096K)
 Metaspace       used 80507K, committed 81024K, reserved 1122304K
  class space    used 10911K, committed 11136K, reserved 1048576K
}
Event: 10.347 GC heap before
{Heap before GC invocations=32 (full 0):
 garbage-first heap   total 139264K, used 99067K [0x00000006e0000000, 0x0000000800000000)
  region size 4096K, 8 young (32768K), 1 survivors (4096K)
 Metaspace       used 85065K, committed 85568K, reserved 1130496K
  class space    used 11571K, committed 11776K, reserved 1048576K
}
Event: 10.350 GC heap after
{Heap after GC invocations=33 (full 0):
 garbage-first heap   total 139264K, used 76472K [0x00000006e0000000, 0x0000000800000000)
  region size 4096K, 1 young (4096K), 1 survivors (4096K)
 Metaspace       used 85065K, committed 85568K, reserved 1130496K
  class space    used 11571K, committed 11776K, reserved 1048576K
}
Event: 10.678 GC heap before
{Heap before GC invocations=33 (full 0):
 garbage-first heap   total 139264K, used 109240K [0x00000006e0000000, 0x0000000800000000)
  region size 4096K, 9 young (36864K), 1 survivors (4096K)
 Metaspace       used 86860K, committed 87360K, reserved 1130496K
  class space    used 11821K, committed 12032K, reserved 1048576K
}
Event: 10.680 GC heap after
{Heap after GC invocations=34 (full 0):
 garbage-first heap   total 139264K, used 80079K [0x00000006e0000000, 0x0000000800000000)
  region size 4096K, 2 young (8192K), 2 survivors (8192K)
 Metaspace       used 86860K, committed 87360K, reserved 1130496K
  class space    used 11821K, committed 12032K, reserved 1048576K
}
Event: 10.908 GC heap before
{Heap before GC invocations=35 (full 0):
 garbage-first heap   total 151552K, used 108751K [0x00000006e0000000, 0x0000000800000000)
  region size 4096K, 9 young (36864K), 2 survivors (8192K)
 Metaspace       used 86957K, committed 87552K, reserved 1130496K
  class space    used 11830K, committed 12096K, reserved 1048576K
}
Event: 10.912 GC heap after
{Heap after GC invocations=36 (full 0):
 garbage-first heap   total 151552K, used 84749K [0x00000006e0000000, 0x0000000800000000)
  region size 4096K, 2 young (8192K), 2 survivors (8192K)
 Metaspace       used 86957K, committed 87552K, reserved 1130496K
  class space    used 11830K, committed 12096K, reserved 1048576K
}
Event: 11.797 GC heap before
{Heap before GC invocations=36 (full 0):
 garbage-first heap   total 151552K, used 113421K [0x00000006e0000000, 0x0000000800000000)
  region size 4096K, 10 young (40960K), 2 survivors (8192K)
 Metaspace       used 91088K, committed 91776K, reserved 1130496K
  class space    used 12477K, committed 12800K, reserved 1048576K
}
Event: 11.801 GC heap after
{Heap after GC invocations=37 (full 0):
 garbage-first heap   total 151552K, used 88471K [0x00000006e0000000, 0x0000000800000000)
  region size 4096K, 1 young (4096K), 1 survivors (4096K)
 Metaspace       used 91088K, committed 91776K, reserved 1130496K
  class space    used 12477K, committed 12800K, reserved 1048576K
}
Event: 11.909 GC heap before
{Heap before GC invocations=38 (full 0):
 garbage-first heap   total 159744K, used 92567K [0x00000006e0000000, 0x0000000800000000)
  region size 4096K, 3 young (12288K), 1 survivors (4096K)
 Metaspace       used 91509K, committed 92160K, reserved 1130496K
  class space    used 12555K, committed 12864K, reserved 1048576K
}
Event: 11.911 GC heap after
{Heap after GC invocations=39 (full 0):
 garbage-first heap   total 159744K, used 88145K [0x00000006e0000000, 0x0000000800000000)
  region size 4096K, 1 young (4096K), 1 survivors (4096K)
 Metaspace       used 91509K, committed 92160K, reserved 1130496K
  class space    used 12555K, committed 12864K, reserved 1048576K
}
Event: 12.055 GC heap before
{Heap before GC invocations=40 (full 0):
 garbage-first heap   total 204800K, used 120913K [0x00000006e0000000, 0x0000000800000000)
  region size 4096K, 3 young (12288K), 1 survivors (4096K)
 Metaspace       used 92285K, committed 92928K, reserved 1130496K
  class space    used 12628K, committed 12928K, reserved 1048576K
}
Event: 12.057 GC heap after
{Heap after GC invocations=41 (full 0):
 garbage-first heap   total 204800K, used 88303K [0x00000006e0000000, 0x0000000800000000)
  region size 4096K, 1 young (4096K), 1 survivors (4096K)
 Metaspace       used 92285K, committed 92928K, reserved 1130496K
  class space    used 12628K, committed 12928K, reserved 1048576K
}
Event: 12.090 GC heap before
{Heap before GC invocations=41 (full 0):
 garbage-first heap   total 204800K, used 108783K [0x00000006e0000000, 0x0000000800000000)
  region size 4096K, 2 young (8192K), 1 survivors (4096K)
 Metaspace       used 92289K, committed 92928K, reserved 1130496K
  class space    used 12628K, committed 12928K, reserved 1048576K
}
Event: 12.093 GC heap after
{Heap after GC invocations=42 (full 0):
 garbage-first heap   total 204800K, used 88281K [0x00000006e0000000, 0x0000000800000000)
  region size 4096K, 1 young (4096K), 1 survivors (4096K)
 Metaspace       used 92289K, committed 92928K, reserved 1130496K
  class space    used 12628K, committed 12928K, reserved 1048576K
}
Event: 12.128 GC heap before
{Heap before GC invocations=42 (full 0):
 garbage-first heap   total 204800K, used 198873K [0x00000006e0000000, 0x0000000800000000)
  region size 4096K, 1 young (4096K), 1 survivors (4096K)
 Metaspace       used 92289K, committed 92928K, reserved 1130496K
  class space    used 12628K, committed 12928K, reserved 1048576K
}
Event: 12.130 GC heap after
{Heap after GC invocations=43 (full 0):
 garbage-first heap   total 204800K, used 198898K [0x00000006e0000000, 0x0000000800000000)
  region size 4096K, 1 young (4096K), 1 survivors (4096K)
 Metaspace       used 92289K, committed 92928K, reserved 1130496K
  class space    used 12628K, committed 12928K, reserved 1048576K
}

