# JRE version: OpenJDK Runtime Environment (17.0.6) (build 17.0.6+0-b2043.56-10027231)
# Java VM: OpenJDK 64-Bit Server VM (17.0.6+0-b2043.56-10027231, mixed mode, tiered, compressed oops, compressed class ptrs, g1 gc, windows-amd64)
GC Precious Log:
 CPUs: 12 total, 12 available
 Memory: 16085M
 Large Page Support: Disabled
 NUMA Support: Disabled
 Compressed Oops: Enabled (Zero based)
 Heap Region Size: 4M
 Heap Min Capacity: 8M
 Heap Initial Capacity: 252M
 Heap Max Capacity: 4608M
 Pre-touch: Disabled
 Parallel Workers: 10
 Concurrent Workers: 3
 Concurrent Refinement Workers: 10
 Periodic GC: Disabled
Heap:
 garbage-first heap   total 720896K, used 441741K [0x00000006e0000000, 0x0000000800000000)
  region size 4096K, 32 young (131072K), 2 survivors (8192K)
 Metaspace       used 130374K, committed 131200K, reserved 1163264K
  class space    used 17295K, committed 17728K, reserved 1048576K
GC Heap History (20 events):
Event: 21.165 GC heap before
{Heap before GC invocations=52 (full 0):
 garbage-first heap   total 425984K, used 342333K [0x00000006e0000000, 0x0000000800000000)
  region size 4096K, 28 young (114688K), 3 survivors (12288K)
 Metaspace       used 109154K, committed 109952K, reserved 1146880K
  class space    used 14437K, committed 14848K, reserved 1048576K
}
Event: 21.169 GC heap after
{Heap after GC invocations=53 (full 0):
 garbage-first heap   total 425984K, used 135412K [0x00000006e0000000, 0x0000000800000000)
  region size 4096K, 1 young (4096K), 1 survivors (4096K)
 Metaspace       used 109154K, committed 109952K, reserved 1146880K
  class space    used 14437K, committed 14848K, reserved 1048576K
}
Event: 22.168 GC heap before
{Heap before GC invocations=53 (full 0):
 garbage-first heap   total 425984K, used 332020K [0x00000006e0000000, 0x0000000800000000)
  region size 4096K, 50 young (204800K), 1 survivors (4096K)
 Metaspace       used 118616K, committed 119360K, reserved 1155072K
  class space    used 15778K, committed 16128K, reserved 1048576K
}
Event: 22.175 GC heap after
{Heap after GC invocations=54 (full 0):
 garbage-first heap   total 425984K, used 149581K [0x00000006e0000000, 0x0000000800000000)
  region size 4096K, 5 young (20480K), 5 survivors (20480K)
 Metaspace       used 118616K, committed 119360K, reserved 1155072K
  class space    used 15778K, committed 16128K, reserved 1048576K
}
Event: 22.743 GC heap before
{Heap before GC invocations=54 (full 0):
 garbage-first heap   total 425984K, used 350285K [0x00000006e0000000, 0x0000000800000000)
  region size 4096K, 49 young (200704K), 5 survivors (20480K)
 Metaspace       used 123832K, committed 124608K, reserved 1163264K
  class space    used 16588K, committed 16960K, reserved 1048576K
}
Event: 22.749 GC heap after
{Heap after GC invocations=55 (full 0):
 garbage-first heap   total 425984K, used 162248K [0x00000006e0000000, 0x0000000800000000)
  region size 4096K, 2 young (8192K), 2 survivors (8192K)
 Metaspace       used 123832K, committed 124608K, reserved 1163264K
  class space    used 16588K, committed 16960K, reserved 1048576K
}
Event: 23.073 GC heap before
{Heap before GC invocations=55 (full 0):
 garbage-first heap   total 425984K, used 338376K [0x00000006e0000000, 0x0000000800000000)
  region size 4096K, 45 young (184320K), 2 survivors (8192K)
 Metaspace       used 124389K, committed 125184K, reserved 1163264K
  class space    used 16627K, committed 17024K, reserved 1048576K
}
Event: 23.077 GC heap after
{Heap after GC invocations=56 (full 0):
 garbage-first heap   total 425984K, used 163950K [0x00000006e0000000, 0x0000000800000000)
  region size 4096K, 2 young (8192K), 2 survivors (8192K)
 Metaspace       used 124389K, committed 125184K, reserved 1163264K
  class space    used 16627K, committed 17024K, reserved 1048576K
}
Event: 23.514 GC heap before
{Heap before GC invocations=56 (full 0):
 garbage-first heap   total 425984K, used 344174K [0x00000006e0000000, 0x0000000800000000)
  region size 4096K, 46 young (188416K), 2 survivors (8192K)
 Metaspace       used 126914K, committed 127744K, reserved 1163264K
  class space    used 16895K, committed 17280K, reserved 1048576K
}
Event: 23.518 GC heap after
{Heap after GC invocations=57 (full 0):
 garbage-first heap   total 425984K, used 164638K [0x00000006e0000000, 0x0000000800000000)
  region size 4096K, 3 young (12288K), 3 survivors (12288K)
 Metaspace       used 126914K, committed 127744K, reserved 1163264K
  class space    used 16895K, committed 17280K, reserved 1048576K
}
Event: 24.030 GC heap before
{Heap before GC invocations=57 (full 0):
 garbage-first heap   total 425984K, used 357150K [0x00000006e0000000, 0x0000000800000000)
  region size 4096K, 48 young (196608K), 3 survivors (12288K)
 Metaspace       used 128687K, committed 129408K, reserved 1163264K
  class space    used 17116K, committed 17472K, reserved 1048576K
}
Event: 24.039 GC heap after
{Heap after GC invocations=58 (full 0):
 garbage-first heap   total 425984K, used 208813K [0x00000006e0000000, 0x0000000800000000)
  region size 4096K, 6 young (24576K), 6 survivors (24576K)
 Metaspace       used 128687K, committed 129408K, reserved 1163264K
  class space    used 17116K, committed 17472K, reserved 1048576K
}
Event: 24.211 GC heap before
{Heap before GC invocations=58 (full 0):
 garbage-first heap   total 425984K, used 352173K [0x00000006e0000000, 0x0000000800000000)
  region size 4096K, 36 young (147456K), 6 survivors (24576K)
 Metaspace       used 128872K, committed 129664K, reserved 1163264K
  class space    used 17124K, committed 17536K, reserved 1048576K
}
Event: 24.221 GC heap after
{Heap after GC invocations=59 (full 0):
 garbage-first heap   total 425984K, used 251294K [0x00000006e0000000, 0x0000000800000000)
  region size 4096K, 5 young (20480K), 5 survivors (20480K)
 Metaspace       used 128872K, committed 129664K, reserved 1163264K
  class space    used 17124K, committed 17536K, reserved 1048576K
}
Event: 24.472 GC heap before
{Heap before GC invocations=59 (full 0):
 garbage-first heap   total 425984K, used 325022K [0x00000006e0000000, 0x0000000800000000)
  region size 4096K, 24 young (98304K), 5 survivors (20480K)
 Metaspace       used 130025K, committed 130816K, reserved 1163264K
  class space    used 17269K, committed 17664K, reserved 1048576K
}
Event: 24.490 GC heap after
{Heap after GC invocations=60 (full 0):
 garbage-first heap   total 425984K, used 275137K [0x00000006e0000000, 0x0000000800000000)
  region size 4096K, 3 young (12288K), 3 survivors (12288K)
 Metaspace       used 130025K, committed 130816K, reserved 1163264K
  class space    used 17269K, committed 17664K, reserved 1048576K
}
Event: 24.589 GC heap before
{Heap before GC invocations=60 (full 0):
 garbage-first heap   total 425984K, used 332481K [0x00000006e0000000, 0x0000000800000000)
  region size 4096K, 17 young (69632K), 3 survivors (12288K)
 Metaspace       used 130187K, committed 131072K, reserved 1163264K
  class space    used 17279K, committed 17728K, reserved 1048576K
}
Event: 24.603 GC heap after
{Heap after GC invocations=61 (full 0):
 garbage-first heap   total 425984K, used 304716K [0x00000006e0000000, 0x0000000800000000)
  region size 4096K, 3 young (12288K), 3 survivors (12288K)
 Metaspace       used 130187K, committed 131072K, reserved 1163264K
  class space    used 17279K, committed 17728K, reserved 1048576K
}
Event: 24.644 GC heap before
{Heap before GC invocations=61 (full 0):
 garbage-first heap   total 425984K, used 337484K [0x00000006e0000000, 0x0000000800000000)
  region size 4096K, 11 young (45056K), 3 survivors (12288K)
 Metaspace       used 130192K, committed 131072K, reserved 1163264K
  class space    used 17279K, committed 17728K, reserved 1048576K
}
Event: 24.655 GC heap after
{Heap after GC invocations=62 (full 0):
 garbage-first heap   total 720896K, used 322957K [0x00000006e0000000, 0x0000000800000000)
  region size 4096K, 2 young (8192K), 2 survivors (8192K)
 Metaspace       used 130192K, committed 131072K, reserved 1163264K
  class space    used 17279K, committed 17728K, reserved 1048576K
}

