# JRE version: OpenJDK Runtime Environment (17.0.6) (build 17.0.6+0-b2043.56-10027231)
# Java VM: OpenJDK 64-Bit Server VM (17.0.6+0-b2043.56-10027231, mixed mode, tiered, compressed oops, compressed class ptrs, g1 gc, windows-amd64)
GC Precious Log:
 CPUs: 12 total, 12 available
 Memory: 16085M
 Large Page Support: Disabled
 NUMA Support: Disabled
 Compressed Oops: Enabled (Zero based)
 Heap Region Size: 4M
 Heap Min Capacity: 8M
 Heap Initial Capacity: 252M
 Heap Max Capacity: 4608M
 Pre-touch: Disabled
 Parallel Workers: 10
 Concurrent Workers: 3
 Concurrent Refinement Workers: 10
 Periodic GC: Disabled
Heap:
 garbage-first heap   total 610304K, used 338738K [0x00000006e0000000, 0x0000000800000000)
  region size 4096K, 4 young (16384K), 4 survivors (16384K)
 Metaspace       used 116076K, committed 116800K, reserved 1155072K
  class space    used 16021K, committed 16384K, reserved 1048576K
GC Heap History (20 events):
Event: 10.214 GC heap after
{Heap after GC invocations=36 (full 0):
 garbage-first heap   total 241664K, used 136871K [0x00000006e0000000, 0x0000000800000000)
  region size 4096K, 1 young (4096K), 1 survivors (4096K)
 Metaspace       used 100458K, committed 101120K, reserved 1138688K
  class space    used 13695K, committed 14016K, reserved 1048576K
}
Event: 10.349 GC heap before
{Heap before GC invocations=37 (full 0):
 garbage-first heap   total 286720K, used 177831K [0x00000006e0000000, 0x0000000800000000)
  region size 4096K, 11 young (45056K), 1 survivors (4096K)
 Metaspace       used 101200K, committed 101824K, reserved 1138688K
  class space    used 13794K, committed 14080K, reserved 1048576K
}
Event: 10.355 GC heap after
{Heap after GC invocations=38 (full 0):
 garbage-first heap   total 286720K, used 144604K [0x00000006e0000000, 0x0000000800000000)
  region size 4096K, 2 young (8192K), 2 survivors (8192K)
 Metaspace       used 101200K, committed 101824K, reserved 1138688K
  class space    used 13794K, committed 14080K, reserved 1048576K
}
Event: 10.553 GC heap before
{Heap before GC invocations=38 (full 0):
 garbage-first heap   total 286720K, used 185564K [0x00000006e0000000, 0x0000000800000000)
  region size 4096K, 14 young (57344K), 2 survivors (8192K)
 Metaspace       used 104159K, committed 104832K, reserved 1146880K
  class space    used 14209K, committed 14528K, reserved 1048576K
}
Event: 10.557 GC heap after
{Heap after GC invocations=39 (full 0):
 garbage-first heap   total 286720K, used 158464K [0x00000006e0000000, 0x0000000800000000)
  region size 4096K, 3 young (12288K), 3 survivors (12288K)
 Metaspace       used 104159K, committed 104832K, reserved 1146880K
  class space    used 14209K, committed 14528K, reserved 1048576K
}
Event: 10.730 GC heap before
{Heap before GC invocations=40 (full 0):
 garbage-first heap   total 364544K, used 240384K [0x00000006e0000000, 0x0000000800000000)
  region size 4096K, 18 young (73728K), 3 survivors (12288K)
 Metaspace       used 104581K, committed 105216K, reserved 1146880K
  class space    used 14270K, committed 14592K, reserved 1048576K
}
Event: 10.738 GC heap after
{Heap after GC invocations=41 (full 0):
 garbage-first heap   total 364544K, used 190401K [0x00000006e0000000, 0x0000000800000000)
  region size 4096K, 3 young (12288K), 3 survivors (12288K)
 Metaspace       used 104581K, committed 105216K, reserved 1146880K
  class space    used 14270K, committed 14592K, reserved 1048576K
}
Event: 11.040 GC heap before
{Heap before GC invocations=41 (full 0):
 garbage-first heap   total 364544K, used 268225K [0x00000006e0000000, 0x0000000800000000)
  region size 4096K, 22 young (90112K), 3 survivors (12288K)
 Metaspace       used 106854K, committed 107520K, reserved 1146880K
  class space    used 14802K, committed 15104K, reserved 1048576K
}
Event: 11.054 GC heap after
{Heap after GC invocations=42 (full 0):
 garbage-first heap   total 598016K, used 217686K [0x00000006e0000000, 0x0000000800000000)
  region size 4096K, 3 young (12288K), 3 survivors (12288K)
 Metaspace       used 106854K, committed 107520K, reserved 1146880K
  class space    used 14802K, committed 15104K, reserved 1048576K
}
Event: 11.342 GC heap before
{Heap before GC invocations=43 (full 0):
 garbage-first heap   total 598016K, used 393814K [0x00000006e0000000, 0x0000000800000000)
  region size 4096K, 46 young (188416K), 3 survivors (12288K)
 Metaspace       used 107512K, committed 108160K, reserved 1146880K
  class space    used 14866K, committed 15168K, reserved 1048576K
}
Event: 11.384 GC heap after
{Heap after GC invocations=44 (full 0):
 garbage-first heap   total 598016K, used 304807K [0x00000006e0000000, 0x0000000800000000)
  region size 4096K, 6 young (24576K), 6 survivors (24576K)
 Metaspace       used 107512K, committed 108160K, reserved 1146880K
  class space    used 14866K, committed 15168K, reserved 1048576K
}
Event: 11.404 GC heap before
{Heap before GC invocations=44 (full 0):
 garbage-first heap   total 598016K, used 308903K [0x00000006e0000000, 0x0000000800000000)
  region size 4096K, 7 young (28672K), 6 survivors (24576K)
 Metaspace       used 107512K, committed 108160K, reserved 1146880K
  class space    used 14866K, committed 15168K, reserved 1048576K
}
Event: 11.422 GC heap after
{Heap after GC invocations=45 (full 0):
 garbage-first heap   total 598016K, used 310665K [0x00000006e0000000, 0x0000000800000000)
  region size 4096K, 1 young (4096K), 1 survivors (4096K)
 Metaspace       used 107512K, committed 108160K, reserved 1146880K
  class space    used 14866K, committed 15168K, reserved 1048576K
}
Event: 11.926 GC heap before
{Heap before GC invocations=45 (full 0):
 garbage-first heap   total 598016K, used 408969K [0x00000006e0000000, 0x0000000800000000)
  region size 4096K, 26 young (106496K), 1 survivors (4096K)
 Metaspace       used 111741K, committed 112448K, reserved 1146880K
  class space    used 15487K, committed 15808K, reserved 1048576K
}
Event: 11.935 GC heap after
{Heap after GC invocations=46 (full 0):
 garbage-first heap   total 598016K, used 333218K [0x00000006e0000000, 0x0000000800000000)
  region size 4096K, 4 young (16384K), 4 survivors (16384K)
 Metaspace       used 111741K, committed 112448K, reserved 1146880K
  class space    used 15487K, committed 15808K, reserved 1048576K
}
Event: 12.250 GC heap before
{Heap before GC invocations=47 (full 0):
 garbage-first heap   total 610304K, used 411042K [0x00000006e0000000, 0x0000000800000000)
  region size 4096K, 28 young (114688K), 4 survivors (16384K)
 Metaspace       used 112911K, committed 113600K, reserved 1146880K
  class space    used 15628K, committed 15936K, reserved 1048576K
}
Event: 12.258 GC heap after
{Heap after GC invocations=48 (full 0):
 garbage-first heap   total 610304K, used 327981K [0x00000006e0000000, 0x0000000800000000)
  region size 4096K, 3 young (12288K), 3 survivors (12288K)
 Metaspace       used 112911K, committed 113600K, reserved 1146880K
  class space    used 15628K, committed 15936K, reserved 1048576K
}
Event: 12.295 GC heap before
{Heap before GC invocations=48 (full 0):
 garbage-first heap   total 610304K, used 340269K [0x00000006e0000000, 0x0000000800000000)
  region size 4096K, 7 young (28672K), 3 survivors (12288K)
 Metaspace       used 113098K, committed 113728K, reserved 1146880K
  class space    used 15658K, committed 15936K, reserved 1048576K
}
Event: 12.299 GC heap after
{Heap after GC invocations=49 (full 0):
 garbage-first heap   total 610304K, used 325159K [0x00000006e0000000, 0x0000000800000000)
  region size 4096K, 1 young (4096K), 1 survivors (4096K)
 Metaspace       used 113098K, committed 113728K, reserved 1146880K
  class space    used 15658K, committed 15936K, reserved 1048576K
}
Event: 12.911 GC heap before
{Heap before GC invocations=49 (full 0):
 garbage-first heap   total 610304K, used 439847K [0x00000006e0000000, 0x0000000800000000)
  region size 4096K, 30 young (122880K), 1 survivors (4096K)
 Metaspace       used 116076K, committed 116800K, reserved 1155072K
  class space    used 16021K, committed 16384K, reserved 1048576K
}

